{"/home/kahlaoui/workspace/open classrooms/react-tutorial-part-2/src/pages/Results.jsx": {"path":"/home/kahlaoui/workspace/open classrooms/react-tutorial-part-2/src/pages/Results.jsx","all":false,"statementMap":{"0":{"start":{"line":1,"column":0},"end":{"line":1,"column":35}},"7":{"start":{"line":8,"column":0},"end":{"line":8,"column":36}},"13":{"start":{"line":14,"column":0},"end":{"line":14,"column":36}},"14":{"start":{"line":15,"column":0},"end":{"line":15,"column":72}},"16":{"start":{"line":17,"column":0},"end":{"line":17,"column":31}},"17":{"start":{"line":18,"column":0},"end":{"line":18,"column":74}},"26":{"start":{"line":27,"column":0},"end":{"line":27,"column":38}},"29":{"start":{"line":30,"column":0},"end":{"line":30,"column":29}},"30":{"start":{"line":31,"column":0},"end":{"line":31,"column":25}},"31":{"start":{"line":32,"column":0},"end":{"line":32,"column":65}},"34":{"start":{"line":35,"column":0},"end":{"line":35,"column":34}},"37":{"start":{"line":38,"column":0},"end":{"line":38,"column":27}},"38":{"start":{"line":39,"column":0},"end":{"line":39,"column":59}},"45":{"start":{"line":46,"column":0},"end":{"line":46,"column":33}},"49":{"start":{"line":50,"column":0},"end":{"line":50,"column":44}},"50":{"start":{"line":51,"column":0},"end":{"line":51,"column":46}},"51":{"start":{"line":52,"column":0},"end":{"line":52,"column":31}},"52":{"start":{"line":53,"column":0},"end":{"line":53,"column":59}},"53":{"start":{"line":54,"column":0},"end":{"line":54,"column":41}},"54":{"start":{"line":55,"column":0},"end":{"line":55,"column":50}},"55":{"start":{"line":56,"column":0},"end":{"line":56,"column":77}},"56":{"start":{"line":57,"column":0},"end":{"line":57,"column":12}},"57":{"start":{"line":58,"column":0},"end":{"line":58,"column":9}},"58":{"start":{"line":59,"column":0},"end":{"line":59,"column":1}},"59":{"start":{"line":60,"column":0},"end":{"line":60,"column":57}},"60":{"start":{"line":61,"column":0},"end":{"line":61,"column":45}},"61":{"start":{"line":62,"column":0},"end":{"line":62,"column":21}},"62":{"start":{"line":63,"column":0},"end":{"line":63,"column":1}},"63":{"start":{"line":64,"column":0},"end":{"line":64,"column":20}},"64":{"start":{"line":65,"column":0},"end":{"line":65,"column":31}},"65":{"start":{"line":66,"column":0},"end":{"line":66,"column":48}},"66":{"start":{"line":67,"column":0},"end":{"line":67,"column":49}},"67":{"start":{"line":68,"column":0},"end":{"line":68,"column":27}},"69":{"start":{"line":70,"column":0},"end":{"line":70,"column":46}},"70":{"start":{"line":71,"column":0},"end":{"line":71,"column":50}},"71":{"start":{"line":72,"column":0},"end":{"line":72,"column":4}},"72":{"start":{"line":73,"column":0},"end":{"line":73,"column":31}},"73":{"start":{"line":74,"column":0},"end":{"line":74,"column":27}},"74":{"start":{"line":75,"column":0},"end":{"line":75,"column":22}},"75":{"start":{"line":76,"column":0},"end":{"line":76,"column":19}},"76":{"start":{"line":77,"column":0},"end":{"line":77,"column":37}},"77":{"start":{"line":78,"column":0},"end":{"line":78,"column":20}},"79":{"start":{"line":80,"column":0},"end":{"line":80,"column":36}},"80":{"start":{"line":81,"column":0},"end":{"line":81,"column":34}},"82":{"start":{"line":83,"column":0},"end":{"line":83,"column":23}},"83":{"start":{"line":84,"column":0},"end":{"line":84,"column":46}},"84":{"start":{"line":85,"column":0},"end":{"line":85,"column":21}},"85":{"start":{"line":86,"column":0},"end":{"line":86,"column":59}},"86":{"start":{"line":87,"column":0},"end":{"line":87,"column":27}},"87":{"start":{"line":88,"column":0},"end":{"line":88,"column":37}},"89":{"start":{"line":90,"column":0},"end":{"line":90,"column":70}},"90":{"start":{"line":91,"column":0},"end":{"line":91,"column":23}},"91":{"start":{"line":92,"column":0},"end":{"line":92,"column":13}},"92":{"start":{"line":93,"column":0},"end":{"line":93,"column":21}},"93":{"start":{"line":94,"column":0},"end":{"line":94,"column":47}},"95":{"start":{"line":96,"column":0},"end":{"line":96,"column":19}},"96":{"start":{"line":97,"column":0},"end":{"line":97,"column":26}},"97":{"start":{"line":98,"column":0},"end":{"line":98,"column":23}},"98":{"start":{"line":99,"column":0},"end":{"line":99,"column":46}},"99":{"start":{"line":100,"column":0},"end":{"line":100,"column":27}},"100":{"start":{"line":101,"column":0},"end":{"line":101,"column":65}},"101":{"start":{"line":102,"column":0},"end":{"line":102,"column":27}},"103":{"start":{"line":104,"column":0},"end":{"line":104,"column":63}},"104":{"start":{"line":105,"column":0},"end":{"line":105,"column":71}},"105":{"start":{"line":106,"column":0},"end":{"line":106,"column":29}},"106":{"start":{"line":107,"column":0},"end":{"line":107,"column":13}},"107":{"start":{"line":108,"column":0},"end":{"line":108,"column":27}},"108":{"start":{"line":109,"column":0},"end":{"line":109,"column":23}},"110":{"start":{"line":111,"column":0},"end":{"line":111,"column":1}},"111":{"start":{"line":112,"column":0},"end":{"line":112,"column":23}}},"s":{"0":1,"7":1,"13":1,"14":1,"16":1,"17":1,"26":1,"29":1,"30":1,"31":1,"34":1,"37":1,"38":1,"45":1,"49":1,"50":4,"51":4,"52":2,"53":4,"54":4,"55":4,"56":2,"57":2,"58":4,"59":1,"60":4,"61":2,"62":2,"63":2,"64":2,"65":2,"66":2,"67":2,"69":2,"70":2,"71":2,"72":2,"73":2,"74":2,"75":1,"76":1,"77":1,"79":1,"80":1,"82":1,"83":1,"84":2,"85":2,"86":2,"87":2,"89":2,"90":2,"91":1,"92":1,"93":1,"95":1,"96":1,"97":1,"98":1,"99":2,"100":2,"101":2,"103":2,"104":2,"105":2,"106":1,"107":1,"108":1,"110":2,"111":1},"branchMap":{"0":{"type":"branch","line":14,"loc":{"start":{"line":14,"column":22},"end":{"line":15,"column":70}},"locations":[{"start":{"line":14,"column":22},"end":{"line":15,"column":70}}]},"1":{"type":"branch","line":15,"loc":{"start":{"line":15,"column":30},"end":{"line":15,"column":70}},"locations":[{"start":{"line":15,"column":30},"end":{"line":15,"column":70}}]},"2":{"type":"branch","line":18,"loc":{"start":{"line":18,"column":11},"end":{"line":18,"column":72}},"locations":[{"start":{"line":18,"column":11},"end":{"line":18,"column":72}}]},"3":{"type":"branch","line":18,"loc":{"start":{"line":18,"column":52},"end":{"line":18,"column":72}},"locations":[{"start":{"line":18,"column":52},"end":{"line":18,"column":72}}]},"4":{"type":"branch","line":31,"loc":{"start":{"line":31,"column":11},"end":{"line":32,"column":63}},"locations":[{"start":{"line":31,"column":11},"end":{"line":32,"column":63}}]},"5":{"type":"branch","line":32,"loc":{"start":{"line":32,"column":30},"end":{"line":32,"column":63}},"locations":[{"start":{"line":32,"column":30},"end":{"line":32,"column":63}}]},"6":{"type":"branch","line":38,"loc":{"start":{"line":38,"column":13},"end":{"line":39,"column":57}},"locations":[{"start":{"line":38,"column":13},"end":{"line":39,"column":57}}]},"7":{"type":"branch","line":39,"loc":{"start":{"line":39,"column":32},"end":{"line":39,"column":57}},"locations":[{"start":{"line":39,"column":32},"end":{"line":39,"column":57}}]},"8":{"type":"branch","line":50,"loc":{"start":{"line":50,"column":7},"end":{"line":59,"column":1}},"locations":[{"start":{"line":50,"column":7},"end":{"line":59,"column":1}}]},"9":{"type":"branch","line":52,"loc":{"start":{"line":52,"column":25},"end":{"line":57,"column":12}},"locations":[{"start":{"line":52,"column":25},"end":{"line":57,"column":12}}]},"10":{"type":"branch","line":57,"loc":{"start":{"line":57,"column":11},"end":{"line":58,"column":9}},"locations":[{"start":{"line":57,"column":11},"end":{"line":58,"column":9}}]},"11":{"type":"branch","line":53,"loc":{"start":{"line":53,"column":28},"end":{"line":57,"column":9}},"locations":[{"start":{"line":53,"column":28},"end":{"line":57,"column":9}}]},"12":{"type":"branch","line":55,"loc":{"start":{"line":55,"column":26},"end":{"line":55,"column":46}},"locations":[{"start":{"line":55,"column":26},"end":{"line":55,"column":46}}]},"13":{"type":"branch","line":55,"loc":{"start":{"line":55,"column":41},"end":{"line":55,"column":50}},"locations":[{"start":{"line":55,"column":41},"end":{"line":55,"column":50}}]},"14":{"type":"branch","line":60,"loc":{"start":{"line":60,"column":7},"end":{"line":63,"column":1}},"locations":[{"start":{"line":60,"column":7},"end":{"line":63,"column":1}}]},"15":{"type":"branch","line":61,"loc":{"start":{"line":61,"column":32},"end":{"line":63,"column":1}},"locations":[{"start":{"line":61,"column":32},"end":{"line":63,"column":1}}]},"16":{"type":"branch","line":64,"loc":{"start":{"line":64,"column":0},"end":{"line":111,"column":1}},"locations":[{"start":{"line":64,"column":0},"end":{"line":111,"column":1}}]},"17":{"type":"branch","line":75,"loc":{"start":{"line":75,"column":9},"end":{"line":78,"column":20}},"locations":[{"start":{"line":75,"column":9},"end":{"line":78,"column":20}}]},"18":{"type":"branch","line":78,"loc":{"start":{"line":78,"column":4},"end":{"line":109,"column":23}},"locations":[{"start":{"line":78,"column":4},"end":{"line":109,"column":23}}]},"19":{"type":"branch","line":84,"loc":{"start":{"line":84,"column":26},"end":{"line":91,"column":23}},"locations":[{"start":{"line":84,"column":26},"end":{"line":91,"column":23}}]},"20":{"type":"branch","line":99,"loc":{"start":{"line":99,"column":26},"end":{"line":106,"column":29}},"locations":[{"start":{"line":99,"column":26},"end":{"line":106,"column":29}}]}},"b":{"0":[1],"1":[0],"2":[1],"3":[0],"4":[4],"5":[0],"6":[2],"7":[0],"8":[4],"9":[2],"10":[2],"11":[4],"12":[2],"13":[2],"14":[4],"15":[2],"16":[2],"17":[1],"18":[1],"19":[2],"20":[2]},"fnMap":{"0":{"name":"formatQueryParams","decl":{"start":{"line":50,"column":7},"end":{"line":59,"column":1}},"loc":{"start":{"line":50,"column":7},"end":{"line":59,"column":1}},"line":50},"1":{"name":"formatJobList","decl":{"start":{"line":60,"column":7},"end":{"line":63,"column":1}},"loc":{"start":{"line":60,"column":7},"end":{"line":63,"column":1}},"line":60},"2":{"name":"Results","decl":{"start":{"line":64,"column":0},"end":{"line":111,"column":1}},"loc":{"start":{"line":64,"column":0},"end":{"line":111,"column":1}},"line":64}},"f":{"0":4,"1":4,"2":2}}
,"/home/kahlaoui/workspace/open classrooms/react-tutorial-part-2/src/utils/context/index.jsx": {"path":"/home/kahlaoui/workspace/open classrooms/react-tutorial-part-2/src/utils/context/index.jsx","all":false,"statementMap":{"0":{"start":{"line":1,"column":0},"end":{"line":1,"column":48}},"2":{"start":{"line":3,"column":0},"end":{"line":3,"column":44}},"3":{"start":{"line":4,"column":0},"end":{"line":4,"column":45}},"4":{"start":{"line":5,"column":0},"end":{"line":5,"column":46}},"5":{"start":{"line":6,"column":0},"end":{"line":6,"column":29}},"6":{"start":{"line":7,"column":0},"end":{"line":7,"column":51}},"7":{"start":{"line":8,"column":0},"end":{"line":8,"column":4}},"8":{"start":{"line":9,"column":0},"end":{"line":9,"column":10}},"9":{"start":{"line":10,"column":0},"end":{"line":10,"column":58}},"10":{"start":{"line":11,"column":0},"end":{"line":11,"column":16}},"11":{"start":{"line":12,"column":0},"end":{"line":12,"column":28}},"13":{"start":{"line":14,"column":0},"end":{"line":14,"column":1}},"14":{"start":{"line":15,"column":0},"end":{"line":15,"column":45}},"15":{"start":{"line":16,"column":0},"end":{"line":16,"column":46}},"16":{"start":{"line":17,"column":0},"end":{"line":17,"column":45}},"17":{"start":{"line":18,"column":0},"end":{"line":18,"column":36}},"18":{"start":{"line":19,"column":0},"end":{"line":19,"column":46}},"19":{"start":{"line":20,"column":0},"end":{"line":20,"column":3}},"20":{"start":{"line":21,"column":0},"end":{"line":21,"column":10}},"21":{"start":{"line":22,"column":0},"end":{"line":22,"column":61}},"22":{"start":{"line":23,"column":0},"end":{"line":23,"column":16}},"23":{"start":{"line":24,"column":0},"end":{"line":24,"column":29}},"25":{"start":{"line":26,"column":0},"end":{"line":26,"column":1}}},"s":{"0":1,"2":1,"3":1,"4":1,"5":1,"6":0,"7":0,"8":1,"9":1,"10":1,"11":1,"13":1,"14":1,"15":1,"16":1,"17":1,"18":0,"19":0,"20":1,"21":1,"22":1,"23":1,"25":1},"branchMap":{"0":{"type":"branch","line":4,"loc":{"start":{"line":4,"column":7},"end":{"line":14,"column":1}},"locations":[{"start":{"line":4,"column":7},"end":{"line":14,"column":1}}]},"1":{"type":"branch","line":16,"loc":{"start":{"line":16,"column":7},"end":{"line":26,"column":1}},"locations":[{"start":{"line":16,"column":7},"end":{"line":26,"column":1}}]}},"b":{"0":[1],"1":[1]},"fnMap":{"0":{"name":"ThemeProvider","decl":{"start":{"line":4,"column":7},"end":{"line":14,"column":1}},"loc":{"start":{"line":4,"column":7},"end":{"line":14,"column":1}},"line":4},"1":{"name":"toggleTheme","decl":{"start":{"line":6,"column":22},"end":{"line":8,"column":4}},"loc":{"start":{"line":6,"column":22},"end":{"line":8,"column":4}},"line":6},"2":{"name":"SurveyProvider","decl":{"start":{"line":16,"column":7},"end":{"line":26,"column":1}},"loc":{"start":{"line":16,"column":7},"end":{"line":26,"column":1}},"line":16},"3":{"name":"saveAnswers","decl":{"start":{"line":18,"column":2},"end":{"line":20,"column":3}},"loc":{"start":{"line":18,"column":2},"end":{"line":20,"column":3}},"line":18}},"f":{"0":1,"1":0,"2":1,"3":0}}
,"/home/kahlaoui/workspace/open classrooms/react-tutorial-part-2/src/utils/hooks/index.jsx": {"path":"/home/kahlaoui/workspace/open classrooms/react-tutorial-part-2/src/utils/hooks/index.jsx","all":false,"statementMap":{"0":{"start":{"line":1,"column":0},"end":{"line":1,"column":56}},"2":{"start":{"line":3,"column":0},"end":{"line":3,"column":31}},"3":{"start":{"line":4,"column":0},"end":{"line":4,"column":39}},"4":{"start":{"line":5,"column":0},"end":{"line":5,"column":49}},"5":{"start":{"line":6,"column":0},"end":{"line":6,"column":44}},"6":{"start":{"line":7,"column":0},"end":{"line":7,"column":19}},"7":{"start":{"line":8,"column":0},"end":{"line":8,"column":33}},"9":{"start":{"line":10,"column":0},"end":{"line":10,"column":21}},"10":{"start":{"line":11,"column":0},"end":{"line":11,"column":21}},"11":{"start":{"line":12,"column":0},"end":{"line":12,"column":32}},"12":{"start":{"line":13,"column":0},"end":{"line":13,"column":11}},"13":{"start":{"line":14,"column":0},"end":{"line":14,"column":42}},"14":{"start":{"line":15,"column":0},"end":{"line":15,"column":43}},"15":{"start":{"line":16,"column":0},"end":{"line":16,"column":27}},"16":{"start":{"line":17,"column":0},"end":{"line":17,"column":22}},"17":{"start":{"line":18,"column":0},"end":{"line":18,"column":23}},"18":{"start":{"line":19,"column":0},"end":{"line":19,"column":27}},"19":{"start":{"line":20,"column":0},"end":{"line":20,"column":23}},"20":{"start":{"line":21,"column":0},"end":{"line":21,"column":17}},"21":{"start":{"line":22,"column":0},"end":{"line":22,"column":26}},"22":{"start":{"line":23,"column":0},"end":{"line":23,"column":7}},"23":{"start":{"line":24,"column":0},"end":{"line":24,"column":5}},"24":{"start":{"line":25,"column":0},"end":{"line":25,"column":16}},"25":{"start":{"line":26,"column":0},"end":{"line":26,"column":12}},"27":{"start":{"line":28,"column":0},"end":{"line":28,"column":36}},"28":{"start":{"line":29,"column":0},"end":{"line":29,"column":1}},"30":{"start":{"line":31,"column":0},"end":{"line":31,"column":28}},"31":{"start":{"line":32,"column":0},"end":{"line":32,"column":58}},"32":{"start":{"line":33,"column":0},"end":{"line":33,"column":32}},"33":{"start":{"line":34,"column":0},"end":{"line":34,"column":1}}},"s":{"0":1,"2":1,"3":2,"4":2,"5":2,"6":2,"7":1,"9":1,"10":1,"11":1,"12":1,"13":1,"14":1,"15":1,"16":1,"17":1,"18":0,"19":0,"20":1,"21":1,"22":1,"23":1,"24":1,"25":2,"27":2,"28":2,"30":1,"31":2,"32":2,"33":2},"branchMap":{"0":{"type":"branch","line":3,"loc":{"start":{"line":3,"column":7},"end":{"line":29,"column":1}},"locations":[{"start":{"line":3,"column":7},"end":{"line":29,"column":1}}]},"1":{"type":"branch","line":7,"loc":{"start":{"line":7,"column":12},"end":{"line":26,"column":5}},"locations":[{"start":{"line":7,"column":12},"end":{"line":26,"column":5}}]},"2":{"type":"branch","line":10,"loc":{"start":{"line":10,"column":14},"end":{"line":10,"column":21}},"locations":[{"start":{"line":10,"column":14},"end":{"line":10,"column":21}}]},"3":{"type":"branch","line":12,"loc":{"start":{"line":12,"column":4},"end":{"line":24,"column":5}},"locations":[{"start":{"line":12,"column":4},"end":{"line":24,"column":5}}]},"4":{"type":"branch","line":18,"loc":{"start":{"line":18,"column":6},"end":{"line":21,"column":8}},"locations":[{"start":{"line":18,"column":6},"end":{"line":21,"column":8}}]},"5":{"type":"branch","line":31,"loc":{"start":{"line":31,"column":7},"end":{"line":34,"column":1}},"locations":[{"start":{"line":31,"column":7},"end":{"line":34,"column":1}}]}},"b":{"0":[2],"1":[1],"2":[0],"3":[1],"4":[0],"5":[2]},"fnMap":{"0":{"name":"useFetch","decl":{"start":{"line":3,"column":7},"end":{"line":29,"column":1}},"loc":{"start":{"line":3,"column":7},"end":{"line":29,"column":1}},"line":3},"1":{"name":"fetchData","decl":{"start":{"line":12,"column":4},"end":{"line":24,"column":5}},"loc":{"start":{"line":12,"column":4},"end":{"line":24,"column":5}},"line":12},"2":{"name":"useTheme","decl":{"start":{"line":31,"column":7},"end":{"line":34,"column":1}},"loc":{"start":{"line":31,"column":7},"end":{"line":34,"column":1}},"line":31}},"f":{"0":2,"1":1,"2":2}}
,"/home/kahlaoui/workspace/open classrooms/react-tutorial-part-2/src/utils/style/Loader.jsx": {"path":"/home/kahlaoui/workspace/open classrooms/react-tutorial-part-2/src/utils/style/Loader.jsx","all":false,"statementMap":{"0":{"start":{"line":1,"column":0},"end":{"line":1,"column":54}},"2":{"start":{"line":3,"column":0},"end":{"line":3,"column":25}},"10":{"start":{"line":11,"column":0},"end":{"line":11,"column":33}},"12":{"start":{"line":13,"column":0},"end":{"line":13,"column":38}},"15":{"start":{"line":16,"column":0},"end":{"line":16,"column":42}}},"s":{"0":1,"2":1,"10":1,"12":1,"15":1},"branchMap":{},"b":{},"fnMap":{},"f":{}}
,"/home/kahlaoui/workspace/open classrooms/react-tutorial-part-2/src/utils/style/StyledLink.jsx": {"path":"/home/kahlaoui/workspace/open classrooms/react-tutorial-part-2/src/utils/style/StyledLink.jsx","all":false,"statementMap":{"0":{"start":{"line":1,"column":0},"end":{"line":1,"column":40}},"3":{"start":{"line":4,"column":0},"end":{"line":4,"column":39}},"8":{"start":{"line":9,"column":0},"end":{"line":9,"column":14}},"9":{"start":{"line":10,"column":0},"end":{"line":10,"column":24}},"10":{"start":{"line":11,"column":0},"end":{"line":11,"column":5}},"13":{"start":{"line":14,"column":0},"end":{"line":14,"column":39}},"14":{"start":{"line":15,"column":0},"end":{"line":15,"column":6}}},"s":{"0":1,"3":1,"8":1,"9":1,"10":1,"13":1,"14":1},"branchMap":{"0":{"type":"branch","line":9,"loc":{"start":{"line":9,"column":4},"end":{"line":14,"column":39}},"locations":[{"start":{"line":9,"column":4},"end":{"line":14,"column":39}}]}},"b":{"0":[1]},"fnMap":{},"f":{}}
,"/home/kahlaoui/workspace/open classrooms/react-tutorial-part-2/src/utils/style/colors.js": {"path":"/home/kahlaoui/workspace/open classrooms/react-tutorial-part-2/src/utils/style/colors.js","all":false,"statementMap":{"0":{"start":{"line":1,"column":0},"end":{"line":1,"column":16}},"1":{"start":{"line":2,"column":0},"end":{"line":2,"column":21}},"2":{"start":{"line":3,"column":0},"end":{"line":3,"column":23}},"3":{"start":{"line":4,"column":0},"end":{"line":4,"column":18}},"4":{"start":{"line":5,"column":0},"end":{"line":5,"column":20}},"5":{"start":{"line":6,"column":0},"end":{"line":6,"column":29}},"6":{"start":{"line":7,"column":0},"end":{"line":7,"column":28}},"7":{"start":{"line":8,"column":0},"end":{"line":8,"column":2}},"8":{"start":{"line":9,"column":0},"end":{"line":9,"column":22}}},"s":{"0":1,"1":1,"2":1,"3":1,"4":1,"5":1,"6":1,"7":1,"8":1},"branchMap":{},"b":{},"fnMap":{},"f":{}}
,"/home/kahlaoui/workspace/open classrooms/react-tutorial-part-2/src/utils/test/render.jsx": {"path":"/home/kahlaoui/workspace/open classrooms/react-tutorial-part-2/src/utils/test/render.jsx","all":false,"statementMap":{"0":{"start":{"line":1,"column":0},"end":{"line":1,"column":61}},"3":{"start":{"line":4,"column":0},"end":{"line":4,"column":45}},"4":{"start":{"line":5,"column":0},"end":{"line":5,"column":34}},"5":{"start":{"line":6,"column":0},"end":{"line":6,"column":12}},"6":{"start":{"line":7,"column":0},"end":{"line":7,"column":33}},"7":{"start":{"line":8,"column":0},"end":{"line":8,"column":23}},"8":{"start":{"line":9,"column":0},"end":{"line":9,"column":53}},"9":{"start":{"line":10,"column":0},"end":{"line":10,"column":24}},"10":{"start":{"line":11,"column":0},"end":{"line":11,"column":21}},"12":{"start":{"line":13,"column":0},"end":{"line":13,"column":3}},"13":{"start":{"line":14,"column":0},"end":{"line":14,"column":38}},"14":{"start":{"line":15,"column":0},"end":{"line":15,"column":1}}},"s":{"0":1,"3":1,"4":1,"5":1,"6":1,"7":1,"8":1,"9":1,"10":1,"12":1,"13":1,"14":1},"branchMap":{"0":{"type":"branch","line":4,"loc":{"start":{"line":4,"column":0},"end":{"line":15,"column":1}},"locations":[{"start":{"line":4,"column":0},"end":{"line":15,"column":1}}]},"1":{"type":"branch","line":5,"loc":{"start":{"line":5,"column":2},"end":{"line":13,"column":3}},"locations":[{"start":{"line":5,"column":2},"end":{"line":13,"column":3}}]}},"b":{"0":[1],"1":[1]},"fnMap":{"0":{"name":"render","decl":{"start":{"line":4,"column":0},"end":{"line":15,"column":1}},"loc":{"start":{"line":4,"column":0},"end":{"line":15,"column":1}},"line":4},"1":{"name":"Wrapper","decl":{"start":{"line":5,"column":2},"end":{"line":13,"column":3}},"loc":{"start":{"line":5,"column":2},"end":{"line":13,"column":3}},"line":5}},"f":{"0":1,"1":1}}
}
